<?xml version="1.0" encoding="UTF-8"?>
<Site BuildName="(empty)"
	BuildStamp="20260914-0400-Experimental"
	Name="emil-ZenBook-UX325EA-UX325EA"
	Generator="ctest-3.22.1"
	CompilerName="/usr/bin/c++"
	CompilerVersion="11.4.0"
	OSName="Linux"
	Hostname="emil-ZenBook-UX325EA-UX325EA"
	OSRelease="6.8.0-110-generic"
	OSVersion="#110~22.04.1-Ubuntu SMP PREEMPT_DYNAMIC Fri Mar 27 12:43:08 UTC "
	OSPlatform="x86_64"
	Is64Bits="1"
	VendorString="GenuineIntel"
	VendorID="Intel Corporation"
	FamilyID="6"
	ModelID="140"
	ProcessorCacheSize="12288"
	NumberOfLogicalCPU="8"
	NumberOfPhysicalCPU="4"
	TotalVirtualMemory="2047"
	TotalPhysicalMemory="15688"
	LogicalProcessorsPerPhysical="2"
	ProcessorClockFrequency="4100.04"
	>
	<Testing>
		<StartDateTime>Sep 14 14:46 AEST</StartDateTime>
		<StartTestTime>1789361168</StartTestTime>
		<TestList/>
		<EndDateTime>Sep 14 14:46 AEST</EndDateTime>
		<EndTestTime>1789361168</EndTestTime>
		<ElapsedMinutes>0</ElapsedMinutes>
	</Testing>
</Site>
